[INFO] Scanning for projects...
[INFO] Inspecting build with total of 29 modules
[INFO] Installing Central Publishing features
[INFO] ------------------------------------------------------------------------
[INFO] Detecting the operating system and CPU architecture
[INFO] ------------------------------------------------------------------------
[INFO] os.detected.name: osx
[INFO] os.detected.arch: aarch_64
[INFO] os.detected.bitness: 64
[INFO] os.detected.version: 26.0
[INFO] os.detected.version.major: 26
[INFO] os.detected.version.minor: 0
[INFO] os.detected.classifier: osx-aarch_64
[INFO] ------------------------------------------------------------------------
[INFO] Reactor Build Order:
[INFO] 
[INFO] Java SDK A2A Parent                                                [pom]
[INFO] Java SDK A2A Common                                                [jar]
[INFO] Java SDK A2A Spec                                                  [jar]
[INFO] Java SDK A2A HTTP Client                                           [jar]
[INFO] Java SDK A2A Client Transport: SPI                                 [jar]
[INFO] Java SDK A2A Client Transport: JSONRPC                             [jar]
[INFO] Java SDK A2A Spec: gRPC                                            [jar]
[INFO] Java SDK A2A Client Transport: gRPC                                [jar]
[INFO] Java SDK A2A Client Transport: JSON+HTTP/REST                      [jar]
[INFO] Java SDK A2A Client                                                [jar]
[INFO] Java SDK A2A Examples                                              [pom]
[INFO] Java SDK A2A Examples                                              [jar]
[INFO] Java SDK A2A Core                                                  [jar]
[INFO] Java A2A SDK Server Tests Common                                   [jar]
[INFO] Java A2A Reference Server: Common                                  [jar]
[INFO] Java SDK A2A Transport: JSONRPC                                    [jar]
[INFO] Java A2A Reference Server: JSONRPC                                 [jar]
[INFO] Java SDK A2A Examples                                              [jar]
[INFO] Java A2A Extras: JPA Database TaskStore                            [jar]
[INFO] Java A2A Extras: JPA Database PushNotificationConfigStore          [jar]
[INFO] Java A2A Extras: Replicated Queue Manager Parent                   [pom]
[INFO] Java A2A Extras: Replicated Queue Manager Core                     [jar]
[INFO] Java A2A Extras: Replicated Queue Manager MicroProfile Reactive Messaging [jar]
[INFO] Java A2A Extras: Replicated Queue Manager Tests                    [jar]
[INFO] Java SDK A2A Transport: gRPC                                       [jar]
[INFO] Java A2A Reference Server: gRPC                                    [jar]
[INFO] Java SDK A2A Transport: JSON+HTTP/REST                             [jar]
[INFO] Java A2A Reference Server: JSON+HTTP/REST                          [jar]
[INFO] Java SDK A2A TCK Server                                            [jar]
[INFO] 
[INFO] ----------------< io.github.a2asdk:a2a-java-sdk-parent >----------------
[INFO] Building Java SDK A2A Parent 0.3.0.Beta2-SNAPSHOT                 [1/29]
[INFO]   from pom.xml
[INFO] --------------------------------[ pom ]---------------------------------
[INFO] 
[INFO] --- clean:3.2.0:clean (default-clean) @ a2a-java-sdk-parent ---
[INFO] 
[INFO] --- install:3.1.2:install (default-install) @ a2a-java-sdk-parent ---
[INFO] Installing /Users/kabir/sourcecontrol/AI/a2aproject/a2a-java/pom.xml to /Users/kabir/.m2/repository/io/github/a2asdk/a2a-java-sdk-parent/0.3.0.Beta2-SNAPSHOT/a2a-java-sdk-parent-0.3.0.Beta2-SNAPSHOT.pom
[INFO] 
[INFO] ----------------< io.github.a2asdk:a2a-java-sdk-common >----------------
[INFO] Building Java SDK A2A Common 0.3.0.Beta2-SNAPSHOT                 [2/29]
[INFO]   from common/pom.xml
[INFO] --------------------------------[ jar ]---------------------------------
[INFO] 
[INFO] --- clean:3.2.0:clean (default-clean) @ a2a-java-sdk-common ---
[INFO] Deleting /Users/kabir/sourcecontrol/AI/a2aproject/a2a-java/common/target
[INFO] 
[INFO] --- resources:3.3.1:resources (default-resources) @ a2a-java-sdk-common ---
[INFO] skip non existing resourceDirectory /Users/kabir/sourcecontrol/AI/a2aproject/a2a-java/common/src/main/resources
[INFO] 
[INFO] --- compiler:3.11.0:compile (default-compile) @ a2a-java-sdk-common ---
[INFO] Changes detected - recompiling the module! :source
[INFO] Compiling 3 source files with javac [debug target 17] to target/classes
[INFO] 
[INFO] --- resources:3.3.1:testResources (default-testResources) @ a2a-java-sdk-common ---
[INFO] skip non existing resourceDirectory /Users/kabir/sourcecontrol/AI/a2aproject/a2a-java/common/src/test/resources
[INFO] 
[INFO] --- compiler:3.11.0:testCompile (default-testCompile) @ a2a-java-sdk-common ---
[INFO] No sources to compile
[INFO] 
[INFO] --- surefire:3.1.2:test (default-test) @ a2a-java-sdk-common ---
[INFO] No tests to run.
[INFO] 
[INFO] --- jar:3.4.2:jar (default-jar) @ a2a-java-sdk-common ---
[INFO] Building jar: /Users/kabir/sourcecontrol/AI/a2aproject/a2a-java/common/target/a2a-java-sdk-common-0.3.0.Beta2-SNAPSHOT.jar
[INFO] 
[INFO] --- install:3.1.2:install (default-install) @ a2a-java-sdk-common ---
[INFO] Installing /Users/kabir/sourcecontrol/AI/a2aproject/a2a-java/common/pom.xml to /Users/kabir/.m2/repository/io/github/a2asdk/a2a-java-sdk-common/0.3.0.Beta2-SNAPSHOT/a2a-java-sdk-common-0.3.0.Beta2-SNAPSHOT.pom
[INFO] Installing /Users/kabir/sourcecontrol/AI/a2aproject/a2a-java/common/target/a2a-java-sdk-common-0.3.0.Beta2-SNAPSHOT.jar to /Users/kabir/.m2/repository/io/github/a2asdk/a2a-java-sdk-common/0.3.0.Beta2-SNAPSHOT/a2a-java-sdk-common-0.3.0.Beta2-SNAPSHOT.jar
[INFO] 
[INFO] -----------------< io.github.a2asdk:a2a-java-sdk-spec >-----------------
[INFO] Building Java SDK A2A Spec 0.3.0.Beta2-SNAPSHOT                   [3/29]
[INFO]   from spec/pom.xml
[INFO] --------------------------------[ jar ]---------------------------------
[INFO] 
[INFO] --- clean:3.2.0:clean (default-clean) @ a2a-java-sdk-spec ---
[INFO] Deleting /Users/kabir/sourcecontrol/AI/a2aproject/a2a-java/spec/target
[INFO] 
[INFO] --- resources:3.3.1:resources (default-resources) @ a2a-java-sdk-spec ---
[INFO] Copying 1 resource from src/main/resources to target/classes
[INFO] 
[INFO] --- compiler:3.11.0:compile (default-compile) @ a2a-java-sdk-spec ---
[INFO] Changes detected - recompiling the module! :dependency
[INFO] Compiling 110 source files with javac [debug target 17] to target/classes
[INFO] /Users/kabir/sourcecontrol/AI/a2aproject/a2a-java/spec/src/main/java/io/a2a/util/Utils.java: Some input files use unchecked or unsafe operations.
[INFO] /Users/kabir/sourcecontrol/AI/a2aproject/a2a-java/spec/src/main/java/io/a2a/util/Utils.java: Recompile with -Xlint:unchecked for details.
[INFO] 
[INFO] --- resources:3.3.1:testResources (default-testResources) @ a2a-java-sdk-spec ---
[INFO] skip non existing resourceDirectory /Users/kabir/sourcecontrol/AI/a2aproject/a2a-java/spec/src/test/resources
[INFO] 
[INFO] --- compiler:3.11.0:testCompile (default-testCompile) @ a2a-java-sdk-spec ---
[INFO] Changes detected - recompiling the module! :dependency
[INFO] Compiling 4 source files with javac [debug target 17] to target/test-classes
[INFO] 
[INFO] --- surefire:3.1.2:test (default-test) @ a2a-java-sdk-spec ---
[INFO] Using auto detected provider org.apache.maven.surefire.junitplatform.JUnitPlatformProvider
[INFO] 
[INFO] -------------------------------------------------------
[INFO]  T E S T S
[INFO] -------------------------------------------------------
[INFO] Running io.a2a.spec.TaskStatusTest
[INFO] Tests run: 6, Failures: 0, Errors: 0, Skipped: 0, Time elapsed: 0.150 s -- in io.a2a.spec.TaskStatusTest
[INFO] Running io.a2a.spec.TaskDeserializationTest
[INFO] Tests run: 3, Failures: 0, Errors: 0, Skipped: 0, Time elapsed: 0.019 s -- in io.a2a.spec.TaskDeserializationTest
[INFO] Running io.a2a.spec.SubTypeSerializationTest
[INFO] Tests run: 12, Failures: 0, Errors: 0, Skipped: 0, Time elapsed: 0.048 s -- in io.a2a.spec.SubTypeSerializationTest
[INFO] Running io.a2a.spec.JSONRPCErrorSerializationTest
[INFO] Tests run: 1, Failures: 0, Errors: 0, Skipped: 0, Time elapsed: 0.007 s -- in io.a2a.spec.JSONRPCErrorSerializationTest
[INFO] 
[INFO] Results:
[INFO] 
[INFO] Tests run: 22, Failures: 0, Errors: 0, Skipped: 0
[INFO] 
[INFO] 
[INFO] --- jar:3.4.2:jar (default-jar) @ a2a-java-sdk-spec ---
[INFO] Building jar: /Users/kabir/sourcecontrol/AI/a2aproject/a2a-java/spec/target/a2a-java-sdk-spec-0.3.0.Beta2-SNAPSHOT.jar
[INFO] 
[INFO] --- install:3.1.2:install (default-install) @ a2a-java-sdk-spec ---
[INFO] Installing /Users/kabir/sourcecontrol/AI/a2aproject/a2a-java/spec/pom.xml to /Users/kabir/.m2/repository/io/github/a2asdk/a2a-java-sdk-spec/0.3.0.Beta2-SNAPSHOT/a2a-java-sdk-spec-0.3.0.Beta2-SNAPSHOT.pom
[INFO] Installing /Users/kabir/sourcecontrol/AI/a2aproject/a2a-java/spec/target/a2a-java-sdk-spec-0.3.0.Beta2-SNAPSHOT.jar to /Users/kabir/.m2/repository/io/github/a2asdk/a2a-java-sdk-spec/0.3.0.Beta2-SNAPSHOT/a2a-java-sdk-spec-0.3.0.Beta2-SNAPSHOT.jar
[INFO] 
[INFO] -------------< io.github.a2asdk:a2a-java-sdk-http-client >--------------
[INFO] Building Java SDK A2A HTTP Client 0.3.0.Beta2-SNAPSHOT            [4/29]
[INFO]   from http-client/pom.xml
[INFO] --------------------------------[ jar ]---------------------------------
[INFO] 
[INFO] --- clean:3.2.0:clean (default-clean) @ a2a-java-sdk-http-client ---
[INFO] Deleting /Users/kabir/sourcecontrol/AI/a2aproject/a2a-java/http-client/target
[INFO] 
[INFO] --- resources:3.3.1:resources (default-resources) @ a2a-java-sdk-http-client ---
[INFO] skip non existing resourceDirectory /Users/kabir/sourcecontrol/AI/a2aproject/a2a-java/http-client/src/main/resources
[INFO] 
[INFO] --- compiler:3.11.0:compile (default-compile) @ a2a-java-sdk-http-client ---
[INFO] Changes detected - recompiling the module! :dependency
[INFO] Compiling 4 source files with javac [debug target 17] to target/classes
[INFO] 
[INFO] --- resources:3.3.1:testResources (default-testResources) @ a2a-java-sdk-http-client ---
[INFO] skip non existing resourceDirectory /Users/kabir/sourcecontrol/AI/a2aproject/a2a-java/http-client/src/test/resources
[INFO] 
[INFO] --- compiler:3.11.0:testCompile (default-testCompile) @ a2a-java-sdk-http-client ---
[INFO] Changes detected - recompiling the module! :dependency
[INFO] Compiling 2 source files with javac [debug target 17] to target/test-classes
[INFO] 
[INFO] --- surefire:3.1.2:test (default-test) @ a2a-java-sdk-http-client ---
[INFO] Using auto detected provider org.apache.maven.surefire.junitplatform.JUnitPlatformProvider
[INFO] 
[INFO] -------------------------------------------------------
[INFO]  T E S T S
[INFO] -------------------------------------------------------
[INFO] Running io.a2a.client.http.A2ACardResolverTest
[INFO] Tests run: 4, Failures: 0, Errors: 0, Skipped: 0, Time elapsed: 0.151 s -- in io.a2a.client.http.A2ACardResolverTest
[INFO] 
[INFO] Results:
[INFO] 
[INFO] Tests run: 4, Failures: 0, Errors: 0, Skipped: 0
[INFO] 
[INFO] 
[INFO] --- jar:3.4.2:jar (default-jar) @ a2a-java-sdk-http-client ---
[INFO] Building jar: /Users/kabir/sourcecontrol/AI/a2aproject/a2a-java/http-client/target/a2a-java-sdk-http-client-0.3.0.Beta2-SNAPSHOT.jar
[INFO] 
[INFO] --- install:3.1.2:install (default-install) @ a2a-java-sdk-http-client ---
[INFO] Installing /Users/kabir/sourcecontrol/AI/a2aproject/a2a-java/http-client/pom.xml to /Users/kabir/.m2/repository/io/github/a2asdk/a2a-java-sdk-http-client/0.3.0.Beta2-SNAPSHOT/a2a-java-sdk-http-client-0.3.0.Beta2-SNAPSHOT.pom
[INFO] Installing /Users/kabir/sourcecontrol/AI/a2aproject/a2a-java/http-client/target/a2a-java-sdk-http-client-0.3.0.Beta2-SNAPSHOT.jar to /Users/kabir/.m2/repository/io/github/a2asdk/a2a-java-sdk-http-client/0.3.0.Beta2-SNAPSHOT/a2a-java-sdk-http-client-0.3.0.Beta2-SNAPSHOT.jar
[INFO] 
[INFO] ---------< io.github.a2asdk:a2a-java-sdk-client-transport-spi >---------
[INFO] Building Java SDK A2A Client Transport: SPI 0.3.0.Beta2-SNAPSHOT  [5/29]
[INFO]   from client/transport/spi/pom.xml
[INFO] --------------------------------[ jar ]---------------------------------
[INFO] 
[INFO] --- clean:3.2.0:clean (default-clean) @ a2a-java-sdk-client-transport-spi ---
[INFO] Deleting /Users/kabir/sourcecontrol/AI/a2aproject/a2a-java/client/transport/spi/target
[INFO] 
[INFO] --- resources:3.3.1:resources (default-resources) @ a2a-java-sdk-client-transport-spi ---
[INFO] skip non existing resourceDirectory /Users/kabir/sourcecontrol/AI/a2aproject/a2a-java/client/transport/spi/src/main/resources
[INFO] 
[INFO] --- compiler:3.11.0:compile (default-compile) @ a2a-java-sdk-client-transport-spi ---
[INFO] Changes detected - recompiling the module! :dependency
[INFO] Compiling 10 source files with javac [debug target 17] to target/classes
[INFO] /Users/kabir/sourcecontrol/AI/a2aproject/a2a-java/client/transport/spi/src/main/java/io/a2a/client/transport/spi/ClientTransportConfigBuilder.java: /Users/kabir/sourcecontrol/AI/a2aproject/a2a-java/client/transport/spi/src/main/java/io/a2a/client/transport/spi/ClientTransportConfigBuilder.java uses unchecked or unsafe operations.
[INFO] /Users/kabir/sourcecontrol/AI/a2aproject/a2a-java/client/transport/spi/src/main/java/io/a2a/client/transport/spi/ClientTransportConfigBuilder.java: Recompile with -Xlint:unchecked for details.
[INFO] 
[INFO] --- resources:3.3.1:testResources (default-testResources) @ a2a-java-sdk-client-transport-spi ---
[INFO] skip non existing resourceDirectory /Users/kabir/sourcecontrol/AI/a2aproject/a2a-java/client/transport/spi/src/test/resources
[INFO] 
[INFO] --- compiler:3.11.0:testCompile (default-testCompile) @ a2a-java-sdk-client-transport-spi ---
[INFO] Changes detected - recompiling the module! :dependency
[INFO] Compiling 1 source file with javac [debug target 17] to target/test-classes
[INFO] 
[INFO] --- surefire:3.1.2:test (default-test) @ a2a-java-sdk-client-transport-spi ---
[INFO] Using auto detected provider org.apache.maven.surefire.junitplatform.JUnitPlatformProvider
[INFO] 
[INFO] -------------------------------------------------------
[INFO]  T E S T S
[INFO] -------------------------------------------------------
[INFO] Running io.a2a.client.transport.spi.interceptors.auth.AuthInterceptorTest
[INFO] Tests run: 10, Failures: 0, Errors: 0, Skipped: 0, Time elapsed: 0.029 s -- in io.a2a.client.transport.spi.interceptors.auth.AuthInterceptorTest
[INFO] 
[INFO] Results:
[INFO] 
[INFO] Tests run: 10, Failures: 0, Errors: 0, Skipped: 0
[INFO] 
[INFO] 
[INFO] --- jar:3.4.2:jar (default-jar) @ a2a-java-sdk-client-transport-spi ---
[INFO] Building jar: /Users/kabir/sourcecontrol/AI/a2aproject/a2a-java/client/transport/spi/target/a2a-java-sdk-client-transport-spi-0.3.0.Beta2-SNAPSHOT.jar
[INFO] 
[INFO] --- install:3.1.2:install (default-install) @ a2a-java-sdk-client-transport-spi ---
[INFO] Installing /Users/kabir/sourcecontrol/AI/a2aproject/a2a-java/client/transport/spi/pom.xml to /Users/kabir/.m2/repository/io/github/a2asdk/a2a-java-sdk-client-transport-spi/0.3.0.Beta2-SNAPSHOT/a2a-java-sdk-client-transport-spi-0.3.0.Beta2-SNAPSHOT.pom
[INFO] Installing /Users/kabir/sourcecontrol/AI/a2aproject/a2a-java/client/transport/spi/target/a2a-java-sdk-client-transport-spi-0.3.0.Beta2-SNAPSHOT.jar to /Users/kabir/.m2/repository/io/github/a2asdk/a2a-java-sdk-client-transport-spi/0.3.0.Beta2-SNAPSHOT/a2a-java-sdk-client-transport-spi-0.3.0.Beta2-SNAPSHOT.jar
[INFO] 
[INFO] -------< io.github.a2asdk:a2a-java-sdk-client-transport-jsonrpc >-------
[INFO] Building Java SDK A2A Client Transport: JSONRPC 0.3.0.Beta2-SNAPSHOT [6/29]
[INFO]   from client/transport/jsonrpc/pom.xml
[INFO] --------------------------------[ jar ]---------------------------------
[INFO] 
[INFO] --- clean:3.2.0:clean (default-clean) @ a2a-java-sdk-client-transport-jsonrpc ---
[INFO] Deleting /Users/kabir/sourcecontrol/AI/a2aproject/a2a-java/client/transport/jsonrpc/target
[INFO] 
[INFO] --- resources:3.3.1:resources (default-resources) @ a2a-java-sdk-client-transport-jsonrpc ---
[INFO] Copying 1 resource from src/main/resources to target/classes
[INFO] 
[INFO] --- compiler:3.11.0:compile (default-compile) @ a2a-java-sdk-client-transport-jsonrpc ---
[INFO] Changes detected - recompiling the module! :dependency
[INFO] Compiling 5 source files with javac [debug target 17] to target/classes
[INFO] 
[INFO] --- resources:3.3.1:testResources (default-testResources) @ a2a-java-sdk-client-transport-jsonrpc ---
[INFO] skip non existing resourceDirectory /Users/kabir/sourcecontrol/AI/a2aproject/a2a-java/client/transport/jsonrpc/src/test/resources
[INFO] 
[INFO] --- compiler:3.11.0:testCompile (default-testCompile) @ a2a-java-sdk-client-transport-jsonrpc ---
[INFO] Changes detected - recompiling the module! :dependency
[INFO] Compiling 5 source files with javac [debug target 17] to target/test-classes
[INFO] 
[INFO] --- surefire:3.1.2:test (default-test) @ a2a-java-sdk-client-transport-jsonrpc ---
[INFO] Using auto detected provider org.apache.maven.surefire.junitplatform.JUnitPlatformProvider
[INFO] 
[INFO] -------------------------------------------------------
[INFO]  T E S T S
[INFO] -------------------------------------------------------
[INFO] Running io.a2a.client.transport.jsonrpc.sse.SSEEventListenerTest
[INFO] Tests run: 8, Failures: 0, Errors: 0, Skipped: 0, Time elapsed: 0.158 s -- in io.a2a.client.transport.jsonrpc.sse.SSEEventListenerTest
[INFO] Running io.a2a.client.transport.jsonrpc.JSONRPCTransportTest
[INFO] Tests run: 12, Failures: 0, Errors: 0, Skipped: 0, Time elapsed: 2.099 s -- in io.a2a.client.transport.jsonrpc.JSONRPCTransportTest
[INFO] Running io.a2a.client.transport.jsonrpc.JSONRPCTransportStreamingTest
[INFO] Tests run: 3, Failures: 0, Errors: 0, Skipped: 0, Time elapsed: 0.379 s -- in io.a2a.client.transport.jsonrpc.JSONRPCTransportStreamingTest
[INFO] 
[INFO] Results:
[INFO] 
[INFO] Tests run: 23, Failures: 0, Errors: 0, Skipped: 0
[INFO] 
[INFO] 
[INFO] --- jar:3.4.2:jar (default-jar) @ a2a-java-sdk-client-transport-jsonrpc ---
[INFO] Building jar: /Users/kabir/sourcecontrol/AI/a2aproject/a2a-java/client/transport/jsonrpc/target/a2a-java-sdk-client-transport-jsonrpc-0.3.0.Beta2-SNAPSHOT.jar
[INFO] 
[INFO] --- install:3.1.2:install (default-install) @ a2a-java-sdk-client-transport-jsonrpc ---
[INFO] Installing /Users/kabir/sourcecontrol/AI/a2aproject/a2a-java/client/transport/jsonrpc/pom.xml to /Users/kabir/.m2/repository/io/github/a2asdk/a2a-java-sdk-client-transport-jsonrpc/0.3.0.Beta2-SNAPSHOT/a2a-java-sdk-client-transport-jsonrpc-0.3.0.Beta2-SNAPSHOT.pom
[INFO] Installing /Users/kabir/sourcecontrol/AI/a2aproject/a2a-java/client/transport/jsonrpc/target/a2a-java-sdk-client-transport-jsonrpc-0.3.0.Beta2-SNAPSHOT.jar to /Users/kabir/.m2/repository/io/github/a2asdk/a2a-java-sdk-client-transport-jsonrpc/0.3.0.Beta2-SNAPSHOT/a2a-java-sdk-client-transport-jsonrpc-0.3.0.Beta2-SNAPSHOT.jar
[INFO] 
[INFO] --------------< io.github.a2asdk:a2a-java-sdk-spec-grpc >---------------
[INFO] Building Java SDK A2A Spec: gRPC 0.3.0.Beta2-SNAPSHOT             [7/29]
[INFO]   from spec-grpc/pom.xml
[INFO] --------------------------------[ jar ]---------------------------------
[INFO] 
[INFO] --- clean:3.2.0:clean (default-clean) @ a2a-java-sdk-spec-grpc ---
[INFO] Deleting /Users/kabir/sourcecontrol/AI/a2aproject/a2a-java/spec-grpc/target
[INFO] 
[INFO] --- resources:3.3.1:resources (default-resources) @ a2a-java-sdk-spec-grpc ---
[INFO] Copying 1 resource from src/main/resources to target/classes
[INFO] 
[INFO] --- compiler:3.11.0:compile (default-compile) @ a2a-java-sdk-spec-grpc ---
[INFO] Changes detected - recompiling the module! :dependency
[INFO] Compiling 95 source files with javac [debug target 17] to target/classes
[INFO] /Users/kabir/sourcecontrol/AI/a2aproject/a2a-java/spec-grpc/src/main/java/io/a2a/grpc/utils/ProtoUtils.java: /Users/kabir/sourcecontrol/AI/a2aproject/a2a-java/spec-grpc/src/main/java/io/a2a/grpc/utils/ProtoUtils.java uses unchecked or unsafe operations.
[INFO] /Users/kabir/sourcecontrol/AI/a2aproject/a2a-java/spec-grpc/src/main/java/io/a2a/grpc/utils/ProtoUtils.java: Recompile with -Xlint:unchecked for details.
[INFO] 
[INFO] --- resources:3.3.1:testResources (default-testResources) @ a2a-java-sdk-spec-grpc ---
[INFO] skip non existing resourceDirectory /Users/kabir/sourcecontrol/AI/a2aproject/a2a-java/spec-grpc/src/test/resources
[INFO] 
[INFO] --- compiler:3.11.0:testCompile (default-testCompile) @ a2a-java-sdk-spec-grpc ---
[INFO] Changes detected - recompiling the module! :dependency
[INFO] Compiling 1 source file with javac [debug target 17] to target/test-classes
[INFO] 
[INFO] --- surefire:3.1.2:test (default-test) @ a2a-java-sdk-spec-grpc ---
[INFO] Using auto detected provider org.apache.maven.surefire.junitplatform.JUnitPlatformProvider
[INFO] 
[INFO] -------------------------------------------------------
[INFO]  T E S T S
[INFO] -------------------------------------------------------
[INFO] Running io.a2a.grpc.utils.ToProtoTest
[INFO] Tests run: 8, Failures: 0, Errors: 0, Skipped: 0, Time elapsed: 0.120 s -- in io.a2a.grpc.utils.ToProtoTest
[INFO] 
[INFO] Results:
[INFO] 
[INFO] Tests run: 8, Failures: 0, Errors: 0, Skipped: 0
[INFO] 
[INFO] 
[INFO] --- jar:3.4.2:jar (default-jar) @ a2a-java-sdk-spec-grpc ---
[INFO] Building jar: /Users/kabir/sourcecontrol/AI/a2aproject/a2a-java/spec-grpc/target/a2a-java-sdk-spec-grpc-0.3.0.Beta2-SNAPSHOT.jar
[INFO] 
[INFO] --- install:3.1.2:install (default-install) @ a2a-java-sdk-spec-grpc ---
[INFO] Installing /Users/kabir/sourcecontrol/AI/a2aproject/a2a-java/spec-grpc/pom.xml to /Users/kabir/.m2/repository/io/github/a2asdk/a2a-java-sdk-spec-grpc/0.3.0.Beta2-SNAPSHOT/a2a-java-sdk-spec-grpc-0.3.0.Beta2-SNAPSHOT.pom
[INFO] Installing /Users/kabir/sourcecontrol/AI/a2aproject/a2a-java/spec-grpc/target/a2a-java-sdk-spec-grpc-0.3.0.Beta2-SNAPSHOT.jar to /Users/kabir/.m2/repository/io/github/a2asdk/a2a-java-sdk-spec-grpc/0.3.0.Beta2-SNAPSHOT/a2a-java-sdk-spec-grpc-0.3.0.Beta2-SNAPSHOT.jar
[INFO] 
[INFO] --------< io.github.a2asdk:a2a-java-sdk-client-transport-grpc >---------
[INFO] Building Java SDK A2A Client Transport: gRPC 0.3.0.Beta2-SNAPSHOT [8/29]
[INFO]   from client/transport/grpc/pom.xml
[INFO] --------------------------------[ jar ]---------------------------------
[INFO] 
[INFO] --- clean:3.2.0:clean (default-clean) @ a2a-java-sdk-client-transport-grpc ---
[INFO] Deleting /Users/kabir/sourcecontrol/AI/a2aproject/a2a-java/client/transport/grpc/target
[INFO] 
[INFO] --- resources:3.3.1:resources (default-resources) @ a2a-java-sdk-client-transport-grpc ---
[INFO] Copying 1 resource from src/main/resources to target/classes
[INFO] 
[INFO] --- compiler:3.11.0:compile (default-compile) @ a2a-java-sdk-client-transport-grpc ---
[INFO] Changes detected - recompiling the module! :dependency
[INFO] Compiling 6 source files with javac [debug target 17] to target/classes
[INFO] 
[INFO] --- resources:3.3.1:testResources (default-testResources) @ a2a-java-sdk-client-transport-grpc ---
[INFO] skip non existing resourceDirectory /Users/kabir/sourcecontrol/AI/a2aproject/a2a-java/client/transport/grpc/src/test/resources
[INFO] 
[INFO] --- compiler:3.11.0:testCompile (default-testCompile) @ a2a-java-sdk-client-transport-grpc ---
[INFO] Changes detected - recompiling the module! :dependency
[INFO] 
[INFO] --- surefire:3.1.2:test (default-test) @ a2a-java-sdk-client-transport-grpc ---
[INFO] 
[INFO] --- jar:3.4.2:jar (default-jar) @ a2a-java-sdk-client-transport-grpc ---
[INFO] Building jar: /Users/kabir/sourcecontrol/AI/a2aproject/a2a-java/client/transport/grpc/target/a2a-java-sdk-client-transport-grpc-0.3.0.Beta2-SNAPSHOT.jar
[INFO] 
[INFO] --- install:3.1.2:install (default-install) @ a2a-java-sdk-client-transport-grpc ---
[INFO] Installing /Users/kabir/sourcecontrol/AI/a2aproject/a2a-java/client/transport/grpc/pom.xml to /Users/kabir/.m2/repository/io/github/a2asdk/a2a-java-sdk-client-transport-grpc/0.3.0.Beta2-SNAPSHOT/a2a-java-sdk-client-transport-grpc-0.3.0.Beta2-SNAPSHOT.pom
[INFO] Installing /Users/kabir/sourcecontrol/AI/a2aproject/a2a-java/client/transport/grpc/target/a2a-java-sdk-client-transport-grpc-0.3.0.Beta2-SNAPSHOT.jar to /Users/kabir/.m2/repository/io/github/a2asdk/a2a-java-sdk-client-transport-grpc/0.3.0.Beta2-SNAPSHOT/a2a-java-sdk-client-transport-grpc-0.3.0.Beta2-SNAPSHOT.jar
[INFO] 
[INFO] --------< io.github.a2asdk:a2a-java-sdk-client-transport-rest >---------
[INFO] Building Java SDK A2A Client Transport: JSON+HTTP/REST 0.3.0.Beta2-SNAPSHOT [9/29]
[INFO]   from client/transport/rest/pom.xml
[INFO] --------------------------------[ jar ]---------------------------------
[INFO] 
[INFO] --- clean:3.2.0:clean (default-clean) @ a2a-java-sdk-client-transport-rest ---
[INFO] Deleting /Users/kabir/sourcecontrol/AI/a2aproject/a2a-java/client/transport/rest/target
[INFO] 
[INFO] --- resources:3.3.1:resources (default-resources) @ a2a-java-sdk-client-transport-rest ---
[INFO] Copying 1 resource from src/main/resources to target/classes
[INFO] 
[INFO] --- compiler:3.11.0:compile (default-compile) @ a2a-java-sdk-client-transport-rest ---
[INFO] Changes detected - recompiling the module! :dependency
[INFO] Compiling 6 source files with javac [debug target 17] to target/classes
[INFO] 
[INFO] --- resources:3.3.1:testResources (default-testResources) @ a2a-java-sdk-client-transport-rest ---
[INFO] skip non existing resourceDirectory /Users/kabir/sourcecontrol/AI/a2aproject/a2a-java/client/transport/rest/src/test/resources
[INFO] 
[INFO] --- compiler:3.11.0:testCompile (default-testCompile) @ a2a-java-sdk-client-transport-rest ---
[INFO] Changes detected - recompiling the module! :dependency
[INFO] Compiling 2 source files with javac [debug target 17] to target/test-classes
[INFO] 
[INFO] --- surefire:3.1.2:test (default-test) @ a2a-java-sdk-client-transport-rest ---
[INFO] Using auto detected provider org.apache.maven.surefire.junitplatform.JUnitPlatformProvider
[INFO] 
[INFO] -------------------------------------------------------
[INFO]  T E S T S
[INFO] -------------------------------------------------------
[INFO] Running io.a2a.client.transport.rest.RestTransportTest
[INFO] Tests run: 9, Failures: 0, Errors: 0, Skipped: 0, Time elapsed: 1.941 s -- in io.a2a.client.transport.rest.RestTransportTest
[INFO] 
[INFO] Results:
[INFO] 
[INFO] Tests run: 9, Failures: 0, Errors: 0, Skipped: 0
[INFO] 
[INFO] 
[INFO] --- jar:3.4.2:jar (default-jar) @ a2a-java-sdk-client-transport-rest ---
[INFO] Building jar: /Users/kabir/sourcecontrol/AI/a2aproject/a2a-java/client/transport/rest/target/a2a-java-sdk-client-transport-rest-0.3.0.Beta2-SNAPSHOT.jar
[INFO] 
[INFO] --- install:3.1.2:install (default-install) @ a2a-java-sdk-client-transport-rest ---
[INFO] Installing /Users/kabir/sourcecontrol/AI/a2aproject/a2a-java/client/transport/rest/pom.xml to /Users/kabir/.m2/repository/io/github/a2asdk/a2a-java-sdk-client-transport-rest/0.3.0.Beta2-SNAPSHOT/a2a-java-sdk-client-transport-rest-0.3.0.Beta2-SNAPSHOT.pom
[INFO] Installing /Users/kabir/sourcecontrol/AI/a2aproject/a2a-java/client/transport/rest/target/a2a-java-sdk-client-transport-rest-0.3.0.Beta2-SNAPSHOT.jar to /Users/kabir/.m2/repository/io/github/a2asdk/a2a-java-sdk-client-transport-rest/0.3.0.Beta2-SNAPSHOT/a2a-java-sdk-client-transport-rest-0.3.0.Beta2-SNAPSHOT.jar
[INFO] 
[INFO] ----------------< io.github.a2asdk:a2a-java-sdk-client >----------------
[INFO] Building Java SDK A2A Client 0.3.0.Beta2-SNAPSHOT                [10/29]
[INFO]   from client/base/pom.xml
[INFO] --------------------------------[ jar ]---------------------------------
[INFO] 
[INFO] --- clean:3.2.0:clean (default-clean) @ a2a-java-sdk-client ---
[INFO] Deleting /Users/kabir/sourcecontrol/AI/a2aproject/a2a-java/client/base/target
[INFO] 
[INFO] --- resources:3.3.1:resources (default-resources) @ a2a-java-sdk-client ---
[INFO] Copying 1 resource from src/main/resources to target/classes
[INFO] 
[INFO] --- compiler:3.11.0:compile (default-compile) @ a2a-java-sdk-client ---
[INFO] Changes detected - recompiling the module! :dependency
[INFO] Compiling 10 source files with javac [debug target 17] to target/classes
[INFO] 
[INFO] --- resources:3.3.1:testResources (default-testResources) @ a2a-java-sdk-client ---
[INFO] skip non existing resourceDirectory /Users/kabir/sourcecontrol/AI/a2aproject/a2a-java/client/base/src/test/resources
[INFO] 
[INFO] --- compiler:3.11.0:testCompile (default-testCompile) @ a2a-java-sdk-client ---
[INFO] Changes detected - recompiling the module! :dependency
[INFO] Compiling 1 source file with javac [debug target 17] to target/test-classes
[INFO] 
[INFO] --- surefire:3.1.2:test (default-test) @ a2a-java-sdk-client ---
[INFO] Using auto detected provider org.apache.maven.surefire.junitplatform.JUnitPlatformProvider
[INFO] 
[INFO] -------------------------------------------------------
[INFO]  T E S T S
[INFO] -------------------------------------------------------
[INFO] Running io.a2a.client.ClientBuilderTest
[INFO] Tests run: 4, Failures: 0, Errors: 0, Skipped: 0, Time elapsed: 0.120 s -- in io.a2a.client.ClientBuilderTest
[INFO] 
[INFO] Results:
[INFO] 
[INFO] Tests run: 4, Failures: 0, Errors: 0, Skipped: 0
[INFO] 
[INFO] 
[INFO] --- jar:3.4.2:jar (default-jar) @ a2a-java-sdk-client ---
[INFO] Building jar: /Users/kabir/sourcecontrol/AI/a2aproject/a2a-java/client/base/target/a2a-java-sdk-client-0.3.0.Beta2-SNAPSHOT.jar
[INFO] 
[INFO] --- install:3.1.2:install (default-install) @ a2a-java-sdk-client ---
[INFO] Installing /Users/kabir/sourcecontrol/AI/a2aproject/a2a-java/client/base/pom.xml to /Users/kabir/.m2/repository/io/github/a2asdk/a2a-java-sdk-client/0.3.0.Beta2-SNAPSHOT/a2a-java-sdk-client-0.3.0.Beta2-SNAPSHOT.pom
[INFO] Installing /Users/kabir/sourcecontrol/AI/a2aproject/a2a-java/client/base/target/a2a-java-sdk-client-0.3.0.Beta2-SNAPSHOT.jar to /Users/kabir/.m2/repository/io/github/a2asdk/a2a-java-sdk-client/0.3.0.Beta2-SNAPSHOT/a2a-java-sdk-client-0.3.0.Beta2-SNAPSHOT.jar
[INFO] 
[INFO] -----------< io.github.a2asdk:a2a-java-sdk-examples-parent >------------
[INFO] Building Java SDK A2A Examples 0.3.0.Beta2-SNAPSHOT              [11/29]
[INFO]   from examples/helloworld/pom.xml
[INFO] --------------------------------[ pom ]---------------------------------
[INFO] 
[INFO] --- clean:3.2.0:clean (default-clean) @ a2a-java-sdk-examples-parent ---
[INFO] 
[INFO] --- quarkus:3.28.1:generate-code (default) @ a2a-java-sdk-examples-parent ---
[INFO] Type of the artifact is POM, skipping build goal
[INFO] 
[INFO] --- quarkus:3.28.1:generate-code-tests (default) @ a2a-java-sdk-examples-parent ---
[INFO] Type of the artifact is POM, skipping build goal
[INFO] 
[INFO] --- quarkus:3.28.1:build (default) @ a2a-java-sdk-examples-parent ---
[INFO] Type of the artifact is POM, skipping build goal
[INFO] 
[INFO] --- install:3.1.2:install (default-install) @ a2a-java-sdk-examples-parent ---
[INFO] Installing /Users/kabir/sourcecontrol/AI/a2aproject/a2a-java/examples/helloworld/pom.xml to /Users/kabir/.m2/repository/io/github/a2asdk/a2a-java-sdk-examples-parent/0.3.0.Beta2-SNAPSHOT/a2a-java-sdk-examples-parent-0.3.0.Beta2-SNAPSHOT.pom
[INFO] 
[INFO] -----------< io.github.a2asdk:a2a-java-sdk-examples-client >------------
[INFO] Building Java SDK A2A Examples 0.3.0.Beta2-SNAPSHOT              [12/29]
[INFO]   from examples/helloworld/client/pom.xml
[INFO] --------------------------------[ jar ]---------------------------------
[INFO] 
[INFO] --- clean:3.2.0:clean (default-clean) @ a2a-java-sdk-examples-client ---
[INFO] Deleting /Users/kabir/sourcecontrol/AI/a2aproject/a2a-java/examples/helloworld/client/target
[INFO] 
[INFO] --- resources:3.3.1:resources (default-resources) @ a2a-java-sdk-examples-client ---
[INFO] skip non existing resourceDirectory /Users/kabir/sourcecontrol/AI/a2aproject/a2a-java/examples/helloworld/client/src/main/resources
[INFO] 
[INFO] --- quarkus:3.28.1:generate-code (default) @ a2a-java-sdk-examples-client ---
[INFO] 
[INFO] --- compiler:3.11.0:compile (default-compile) @ a2a-java-sdk-examples-client ---
[INFO] Changes detected - recompiling the module! :dependency
[INFO] Compiling 2 source files with javac [debug target 17] to target/classes
[INFO] 
[INFO] --- quarkus:3.28.1:generate-code-tests (default) @ a2a-java-sdk-examples-client ---
[INFO] 
[INFO] --- resources:3.3.1:testResources (default-testResources) @ a2a-java-sdk-examples-client ---
[INFO] skip non existing resourceDirectory /Users/kabir/sourcecontrol/AI/a2aproject/a2a-java/examples/helloworld/client/src/test/resources
[INFO] 
[INFO] --- compiler:3.11.0:testCompile (default-testCompile) @ a2a-java-sdk-examples-client ---
[INFO] No sources to compile
[INFO] 
[INFO] --- surefire:3.1.2:test (default-test) @ a2a-java-sdk-examples-client ---
[INFO] No tests to run.
[INFO] 
[INFO] --- jar:3.4.2:jar (default-jar) @ a2a-java-sdk-examples-client ---
[INFO] Building jar: /Users/kabir/sourcecontrol/AI/a2aproject/a2a-java/examples/helloworld/client/target/a2a-java-sdk-examples-client-0.3.0.Beta2-SNAPSHOT.jar
[INFO] 
[INFO] --- quarkus:3.28.1:build (default) @ a2a-java-sdk-examples-client ---
[INFO] [io.quarkus.deployment.QuarkusAugmentor] Quarkus augmentation completed in 350ms
[INFO] 
[INFO] --- install:3.1.2:install (default-install) @ a2a-java-sdk-examples-client ---
[INFO] Installing /Users/kabir/sourcecontrol/AI/a2aproject/a2a-java/examples/helloworld/client/pom.xml to /Users/kabir/.m2/repository/io/github/a2asdk/a2a-java-sdk-examples-client/0.3.0.Beta2-SNAPSHOT/a2a-java-sdk-examples-client-0.3.0.Beta2-SNAPSHOT.pom
[INFO] Installing /Users/kabir/sourcecontrol/AI/a2aproject/a2a-java/examples/helloworld/client/target/a2a-java-sdk-examples-client-0.3.0.Beta2-SNAPSHOT.jar to /Users/kabir/.m2/repository/io/github/a2asdk/a2a-java-sdk-examples-client/0.3.0.Beta2-SNAPSHOT/a2a-java-sdk-examples-client-0.3.0.Beta2-SNAPSHOT.jar
[INFO] 
[INFO] ------------< io.github.a2asdk:a2a-java-sdk-server-common >-------------
[INFO] Building Java SDK A2A Core 0.3.0.Beta2-SNAPSHOT                  [13/29]
[INFO]   from server-common/pom.xml
[INFO] --------------------------------[ jar ]---------------------------------
[INFO] 
[INFO] --- clean:3.2.0:clean (default-clean) @ a2a-java-sdk-server-common ---
[INFO] Deleting /Users/kabir/sourcecontrol/AI/a2aproject/a2a-java/server-common/target
[INFO] 
[INFO] --- resources:3.3.1:resources (default-resources) @ a2a-java-sdk-server-common ---
[INFO] Copying 1 resource from src/main/resources to target/classes
[INFO] 
[INFO] --- compiler:3.11.0:compile (default-compile) @ a2a-java-sdk-server-common ---
[INFO] Changes detected - recompiling the module! :dependency
[INFO] Compiling 36 source files with javac [debug target 17] to target/classes
[WARNING] /Users/kabir/sourcecontrol/AI/a2aproject/a2a-java/server-common/src/main/java/io/a2a/server/events/InMemoryQueueManager.java:[41,17] close(java.lang.String) in io.a2a.server.events.QueueManager has been deprecated and marked for removal
[INFO] 
[INFO] --- resources:3.3.1:testResources (default-testResources) @ a2a-java-sdk-server-common ---
[INFO] Copying 1 resource from src/test/resources to target/test-classes
[INFO] 
[INFO] --- compiler:3.11.0:testCompile (default-testCompile) @ a2a-java-sdk-server-common ---
[INFO] Changes detected - recompiling the module! :dependency
[INFO] Compiling 17 source files with javac [debug target 17] to target/test-classes
[INFO] 
[INFO] --- surefire:3.1.2:test (default-test) @ a2a-java-sdk-server-common ---
[INFO] Using auto detected provider org.apache.maven.surefire.junitplatform.JUnitPlatformProvider
[INFO] 
[INFO] -------------------------------------------------------
[INFO]  T E S T S
[INFO] -------------------------------------------------------
[INFO] Running io.a2a.server.requesthandlers.DefaultRequestHandlerBackgroundTest
[INFO] Tests run: 4, Failures: 0, Errors: 0, Skipped: 0, Time elapsed: 4.641 s -- in io.a2a.server.requesthandlers.DefaultRequestHandlerBackgroundTest
[INFO] Running io.a2a.server.tasks.TaskManagerTest
[INFO] Tests run: 27, Failures: 0, Errors: 0, Skipped: 0, Time elapsed: 0.154 s -- in io.a2a.server.tasks.TaskManagerTest
[INFO] Running io.a2a.server.tasks.TaskUpdaterTest
[INFO] Tests run: 33, Failures: 0, Errors: 0, Skipped: 0, Time elapsed: 0.027 s -- in io.a2a.server.tasks.TaskUpdaterTest
[INFO] Running io.a2a.server.tasks.ResultAggregatorTest
OpenJDK 64-Bit Server VM warning: Sharing is only supported for boot loader classes because bootstrap classpath has been appended
[INFO] Tests run: 9, Failures: 0, Errors: 0, Skipped: 0, Time elapsed: 0.417 s -- in io.a2a.server.tasks.ResultAggregatorTest
[INFO] Running io.a2a.server.tasks.PushNotificationSenderTest
[INFO] Tests run: 7, Failures: 0, Errors: 0, Skipped: 0, Time elapsed: 0.028 s -- in io.a2a.server.tasks.PushNotificationSenderTest
[INFO] Running io.a2a.server.tasks.InMemoryTaskStoreTest
[INFO] Tests run: 4, Failures: 0, Errors: 0, Skipped: 0, Time elapsed: 0.003 s -- in io.a2a.server.tasks.InMemoryTaskStoreTest
[INFO] Running io.a2a.server.tasks.InMemoryPushNotificationConfigStoreTest
[INFO] Tests run: 16, Failures: 0, Errors: 0, Skipped: 0, Time elapsed: 0.088 s -- in io.a2a.server.tasks.InMemoryPushNotificationConfigStoreTest
[INFO] Running io.a2a.server.util.async.AsyncUtilsTest
[INFO] Tests run: 14, Failures: 0, Errors: 0, Skipped: 0, Time elapsed: 2.565 s -- in io.a2a.server.util.async.AsyncUtilsTest
[INFO] Running io.a2a.server.agentexecution.RequestContextTest
[INFO] Tests run: 20, Failures: 0, Errors: 0, Skipped: 0, Time elapsed: 0.049 s -- in io.a2a.server.agentexecution.RequestContextTest
[INFO] Running io.a2a.server.extensions.A2AExtensionsTest
[INFO] Tests run: 4, Failures: 0, Errors: 0, Skipped: 0, Time elapsed: 0.004 s -- in io.a2a.server.extensions.A2AExtensionsTest
[INFO] Running io.a2a.server.AgentCardValidatorTest
[INFO] Tests run: 11, Failures: 0, Errors: 0, Skipped: 0, Time elapsed: 0.008 s -- in io.a2a.server.AgentCardValidatorTest
[INFO] Running io.a2a.server.events.EventQueueTest
[INFO] Tests run: 23, Failures: 0, Errors: 0, Skipped: 0, Time elapsed: 0.015 s -- in io.a2a.server.events.EventQueueTest
[INFO] Running io.a2a.server.events.InMemoryQueueManagerTest
[INFO] Tests run: 12, Failures: 0, Errors: 0, Skipped: 0, Time elapsed: 0.007 s -- in io.a2a.server.events.InMemoryQueueManagerTest
[INFO] Running io.a2a.server.events.EventConsumerTest
[INFO] Tests run: 13, Failures: 0, Errors: 0, Skipped: 0, Time elapsed: 0.009 s -- in io.a2a.server.events.EventConsumerTest
[INFO] Running io.a2a.server.ServerCallContextTest
[INFO] Tests run: 6, Failures: 0, Errors: 0, Skipped: 0, Time elapsed: 0.002 s -- in io.a2a.server.ServerCallContextTest
[INFO] 
[INFO] Results:
[INFO] 
[INFO] Tests run: 203, Failures: 0, Errors: 0, Skipped: 0
[INFO] 
[INFO] 
[INFO] --- jar:3.4.2:jar (default-jar) @ a2a-java-sdk-server-common ---
[INFO] Building jar: /Users/kabir/sourcecontrol/AI/a2aproject/a2a-java/server-common/target/a2a-java-sdk-server-common-0.3.0.Beta2-SNAPSHOT.jar
[INFO] 
[INFO] --- jar:3.4.2:test-jar (default) @ a2a-java-sdk-server-common ---
[INFO] Building jar: /Users/kabir/sourcecontrol/AI/a2aproject/a2a-java/server-common/target/a2a-java-sdk-server-common-0.3.0.Beta2-SNAPSHOT-tests.jar
[INFO] 
[INFO] --- install:3.1.2:install (default-install) @ a2a-java-sdk-server-common ---
[INFO] Installing /Users/kabir/sourcecontrol/AI/a2aproject/a2a-java/server-common/pom.xml to /Users/kabir/.m2/repository/io/github/a2asdk/a2a-java-sdk-server-common/0.3.0.Beta2-SNAPSHOT/a2a-java-sdk-server-common-0.3.0.Beta2-SNAPSHOT.pom
[INFO] Installing /Users/kabir/sourcecontrol/AI/a2aproject/a2a-java/server-common/target/a2a-java-sdk-server-common-0.3.0.Beta2-SNAPSHOT.jar to /Users/kabir/.m2/repository/io/github/a2asdk/a2a-java-sdk-server-common/0.3.0.Beta2-SNAPSHOT/a2a-java-sdk-server-common-0.3.0.Beta2-SNAPSHOT.jar
[INFO] Installing /Users/kabir/sourcecontrol/AI/a2aproject/a2a-java/server-common/target/a2a-java-sdk-server-common-0.3.0.Beta2-SNAPSHOT-tests.jar to /Users/kabir/.m2/repository/io/github/a2asdk/a2a-java-sdk-server-common/0.3.0.Beta2-SNAPSHOT/a2a-java-sdk-server-common-0.3.0.Beta2-SNAPSHOT-tests.jar
[INFO] 
[INFO] ---------< io.github.a2asdk:a2a-java-sdk-tests-server-common >----------
[INFO] Building Java A2A SDK Server Tests Common 0.3.0.Beta2-SNAPSHOT   [14/29]
[INFO]   from tests/server-common/pom.xml
[INFO] --------------------------------[ jar ]---------------------------------
[INFO] 
[INFO] --- clean:3.2.0:clean (default-clean) @ a2a-java-sdk-tests-server-common ---
[INFO] Deleting /Users/kabir/sourcecontrol/AI/a2aproject/a2a-java/tests/server-common/target
[INFO] 
[INFO] --- resources:3.3.1:resources (default-resources) @ a2a-java-sdk-tests-server-common ---
[INFO] skip non existing resourceDirectory /Users/kabir/sourcecontrol/AI/a2aproject/a2a-java/tests/server-common/src/main/resources
[INFO] 
[INFO] --- compiler:3.11.0:compile (default-compile) @ a2a-java-sdk-tests-server-common ---
[INFO] No sources to compile
[INFO] 
[INFO] --- resources:3.3.1:testResources (default-testResources) @ a2a-java-sdk-tests-server-common ---
[INFO] Copying 1 resource from src/test/resources to target/test-classes
[INFO] 
[INFO] --- compiler:3.11.0:testCompile (default-testCompile) @ a2a-java-sdk-tests-server-common ---
[INFO] Changes detected - recompiling the module! :dependency
[INFO] Compiling 5 source files with javac [debug target 17] to target/test-classes
[INFO] 
[INFO] --- surefire:3.1.2:test (default-test) @ a2a-java-sdk-tests-server-common ---
[INFO] Tests are skipped.
[INFO] 
[INFO] --- jar:3.4.2:jar (default-jar) @ a2a-java-sdk-tests-server-common ---
[WARNING] JAR will be empty - no content was marked for inclusion!
[INFO] Building jar: /Users/kabir/sourcecontrol/AI/a2aproject/a2a-java/tests/server-common/target/a2a-java-sdk-tests-server-common-0.3.0.Beta2-SNAPSHOT.jar
[INFO] 
[INFO] --- jar:3.4.2:test-jar (default) @ a2a-java-sdk-tests-server-common ---
[INFO] Building jar: /Users/kabir/sourcecontrol/AI/a2aproject/a2a-java/tests/server-common/target/a2a-java-sdk-tests-server-common-0.3.0.Beta2-SNAPSHOT-tests.jar
[INFO] 
[INFO] --- install:3.1.2:install (default-install) @ a2a-java-sdk-tests-server-common ---
[INFO] Installing /Users/kabir/sourcecontrol/AI/a2aproject/a2a-java/tests/server-common/pom.xml to /Users/kabir/.m2/repository/io/github/a2asdk/a2a-java-sdk-tests-server-common/0.3.0.Beta2-SNAPSHOT/a2a-java-sdk-tests-server-common-0.3.0.Beta2-SNAPSHOT.pom
[INFO] Installing /Users/kabir/sourcecontrol/AI/a2aproject/a2a-java/tests/server-common/target/a2a-java-sdk-tests-server-common-0.3.0.Beta2-SNAPSHOT.jar to /Users/kabir/.m2/repository/io/github/a2asdk/a2a-java-sdk-tests-server-common/0.3.0.Beta2-SNAPSHOT/a2a-java-sdk-tests-server-common-0.3.0.Beta2-SNAPSHOT.jar
[INFO] Installing /Users/kabir/sourcecontrol/AI/a2aproject/a2a-java/tests/server-common/target/a2a-java-sdk-tests-server-common-0.3.0.Beta2-SNAPSHOT-tests.jar to /Users/kabir/.m2/repository/io/github/a2asdk/a2a-java-sdk-tests-server-common/0.3.0.Beta2-SNAPSHOT/a2a-java-sdk-tests-server-common-0.3.0.Beta2-SNAPSHOT-tests.jar
[INFO] 
[INFO] -----------< io.github.a2asdk:a2a-java-sdk-reference-common >-----------
[INFO] Building Java A2A Reference Server: Common 0.3.0.Beta2-SNAPSHOT  [15/29]
[INFO]   from reference/common/pom.xml
[INFO] --------------------------------[ jar ]---------------------------------
[INFO] 
[INFO] --- clean:3.2.0:clean (default-clean) @ a2a-java-sdk-reference-common ---
[INFO] Deleting /Users/kabir/sourcecontrol/AI/a2aproject/a2a-java/reference/common/target
[INFO] 
[INFO] --- resources:3.3.1:resources (default-resources) @ a2a-java-sdk-reference-common ---
[INFO] Copying 1 resource from src/main/resources to target/classes
[INFO] 
[INFO] --- compiler:3.11.0:compile (default-compile) @ a2a-java-sdk-reference-common ---
[INFO] Changes detected - recompiling the module! :dependency
[INFO] Compiling 1 source file with javac [debug target 17] to target/classes
[INFO] 
[INFO] --- resources:3.3.1:testResources (default-testResources) @ a2a-java-sdk-reference-common ---
[INFO] skip non existing resourceDirectory /Users/kabir/sourcecontrol/AI/a2aproject/a2a-java/reference/common/src/test/resources
[INFO] 
[INFO] --- compiler:3.11.0:testCompile (default-testCompile) @ a2a-java-sdk-reference-common ---
[INFO] No sources to compile
[INFO] 
[INFO] --- surefire:3.1.2:test (default-test) @ a2a-java-sdk-reference-common ---
[INFO] No tests to run.
[INFO] 
[INFO] --- jar:3.4.2:jar (default-jar) @ a2a-java-sdk-reference-common ---
[INFO] Building jar: /Users/kabir/sourcecontrol/AI/a2aproject/a2a-java/reference/common/target/a2a-java-sdk-reference-common-0.3.0.Beta2-SNAPSHOT.jar
[INFO] 
[INFO] --- install:3.1.2:install (default-install) @ a2a-java-sdk-reference-common ---
[INFO] Installing /Users/kabir/sourcecontrol/AI/a2aproject/a2a-java/reference/common/pom.xml to /Users/kabir/.m2/repository/io/github/a2asdk/a2a-java-sdk-reference-common/0.3.0.Beta2-SNAPSHOT/a2a-java-sdk-reference-common-0.3.0.Beta2-SNAPSHOT.pom
[INFO] Installing /Users/kabir/sourcecontrol/AI/a2aproject/a2a-java/reference/common/target/a2a-java-sdk-reference-common-0.3.0.Beta2-SNAPSHOT.jar to /Users/kabir/.m2/repository/io/github/a2asdk/a2a-java-sdk-reference-common/0.3.0.Beta2-SNAPSHOT/a2a-java-sdk-reference-common-0.3.0.Beta2-SNAPSHOT.jar
[INFO] 
[INFO] ----------< io.github.a2asdk:a2a-java-sdk-transport-jsonrpc >-----------
[INFO] Building Java SDK A2A Transport: JSONRPC 0.3.0.Beta2-SNAPSHOT    [16/29]
[INFO]   from transport/jsonrpc/pom.xml
[INFO] --------------------------------[ jar ]---------------------------------
[INFO] 
[INFO] --- clean:3.2.0:clean (default-clean) @ a2a-java-sdk-transport-jsonrpc ---
[INFO] Deleting /Users/kabir/sourcecontrol/AI/a2aproject/a2a-java/transport/jsonrpc/target
[INFO] 
[INFO] --- resources:3.3.1:resources (default-resources) @ a2a-java-sdk-transport-jsonrpc ---
[INFO] Copying 1 resource from src/main/resources to target/classes
[INFO] 
[INFO] --- compiler:3.11.0:compile (default-compile) @ a2a-java-sdk-transport-jsonrpc ---
[INFO] Changes detected - recompiling the module! :dependency
[INFO] Compiling 1 source file with javac [debug target 17] to target/classes
[INFO] 
[INFO] --- resources:3.3.1:testResources (default-testResources) @ a2a-java-sdk-transport-jsonrpc ---
[INFO] Copying 2 resources from src/test/resources to target/test-classes
[INFO] 
[INFO] --- compiler:3.11.0:testCompile (default-testCompile) @ a2a-java-sdk-transport-jsonrpc ---
[INFO] Changes detected - recompiling the module! :dependency
[INFO] Compiling 2 source files with javac [debug target 17] to target/test-classes
[INFO] 
[INFO] --- surefire:3.1.2:test (default-test) @ a2a-java-sdk-transport-jsonrpc ---
[INFO] Using auto detected provider org.apache.maven.surefire.junitplatform.JUnitPlatformProvider
[INFO] 
[INFO] -------------------------------------------------------
[INFO]  T E S T S
[INFO] -------------------------------------------------------
[INFO] Running io.a2a.transport.jsonrpc.handler.JSONRPCHandlerTest
OpenJDK 64-Bit Server VM warning: Sharing is only supported for boot loader classes because bootstrap classpath has been appended
[WARNING] Tests run: 41, Failures: 0, Errors: 0, Skipped: 1, Time elapsed: 0.874 s -- in io.a2a.transport.jsonrpc.handler.JSONRPCHandlerTest
[INFO] 
[INFO] Results:
[INFO] 
[WARNING] Tests run: 41, Failures: 0, Errors: 0, Skipped: 1
[INFO] 
[INFO] 
[INFO] --- jar:3.4.2:jar (default-jar) @ a2a-java-sdk-transport-jsonrpc ---
[INFO] Building jar: /Users/kabir/sourcecontrol/AI/a2aproject/a2a-java/transport/jsonrpc/target/a2a-java-sdk-transport-jsonrpc-0.3.0.Beta2-SNAPSHOT.jar
[INFO] 
[INFO] --- install:3.1.2:install (default-install) @ a2a-java-sdk-transport-jsonrpc ---
[INFO] Installing /Users/kabir/sourcecontrol/AI/a2aproject/a2a-java/transport/jsonrpc/pom.xml to /Users/kabir/.m2/repository/io/github/a2asdk/a2a-java-sdk-transport-jsonrpc/0.3.0.Beta2-SNAPSHOT/a2a-java-sdk-transport-jsonrpc-0.3.0.Beta2-SNAPSHOT.pom
[INFO] Installing /Users/kabir/sourcecontrol/AI/a2aproject/a2a-java/transport/jsonrpc/target/a2a-java-sdk-transport-jsonrpc-0.3.0.Beta2-SNAPSHOT.jar to /Users/kabir/.m2/repository/io/github/a2asdk/a2a-java-sdk-transport-jsonrpc/0.3.0.Beta2-SNAPSHOT/a2a-java-sdk-transport-jsonrpc-0.3.0.Beta2-SNAPSHOT.jar
[INFO] 
[INFO] ----------< io.github.a2asdk:a2a-java-sdk-reference-jsonrpc >-----------
[INFO] Building Java A2A Reference Server: JSONRPC 0.3.0.Beta2-SNAPSHOT [17/29]
[INFO]   from reference/jsonrpc/pom.xml
[INFO] --------------------------------[ jar ]---------------------------------
[INFO] 
[INFO] --- clean:3.2.0:clean (default-clean) @ a2a-java-sdk-reference-jsonrpc ---
[INFO] Deleting /Users/kabir/sourcecontrol/AI/a2aproject/a2a-java/reference/jsonrpc/target
[INFO] 
[INFO] --- resources:3.3.1:resources (default-resources) @ a2a-java-sdk-reference-jsonrpc ---
[INFO] Copying 2 resources from src/main/resources to target/classes
[INFO] 
[INFO] --- compiler:3.11.0:compile (default-compile) @ a2a-java-sdk-reference-jsonrpc ---
[INFO] Changes detected - recompiling the module! :dependency
[INFO] Compiling 3 source files with javac [debug target 17] to target/classes
[INFO] 
[INFO] --- resources:3.3.1:testResources (default-testResources) @ a2a-java-sdk-reference-jsonrpc ---
[INFO] Copying 1 resource from src/test/resources to target/test-classes
[INFO] 
[INFO] --- compiler:3.11.0:testCompile (default-testCompile) @ a2a-java-sdk-reference-jsonrpc ---
[INFO] Changes detected - recompiling the module! :dependency
[INFO] Compiling 2 source files with javac [debug target 17] to target/test-classes
[INFO] 
[INFO] --- surefire:3.1.2:test (default-test) @ a2a-java-sdk-reference-jsonrpc ---
[INFO] Using auto detected provider org.apache.maven.surefire.junitplatform.JUnitPlatformProvider
[INFO] 
[INFO] -------------------------------------------------------
[INFO]  T E S T S
[INFO] -------------------------------------------------------
[INFO] Running io.a2a.server.apps.quarkus.QuarkusA2AJSONRPCTest
[ERROR] Tests run: 34, Failures: 1, Errors: 0, Skipped: 0, Time elapsed: 33.41 s <<< FAILURE! -- in io.a2a.server.apps.quarkus.QuarkusA2AJSONRPCTest
[ERROR] io.a2a.server.apps.quarkus.QuarkusA2AJSONRPCTest.testNonStreamingMessagesWithActiveStreamingResubscription -- Time elapsed: 31.50 s <<< FAILURE!
java.lang.AssertionError: COM01003: Internal error: Assertion failure: Expected boolean value to be true
	at org.wildfly.common.Assert.assertTrue(Assert.java:520)
	at io.a2a.server.apps.common.AbstractA2AServerTest.testNonStreamingMessagesWithActiveStreamingResubscription(AbstractA2AServerTest.java:625)
	at java.base/java.lang.reflect.Method.invoke(Method.java:569)
	at io.quarkus.test.junit.QuarkusTestExtension.runExtensionMethod(QuarkusTestExtension.java:998)
	at io.quarkus.test.junit.QuarkusTestExtension.interceptTestMethod(QuarkusTestExtension.java:846)
	at java.base/java.util.ArrayList.forEach(ArrayList.java:1511)
	at java.base/java.util.ArrayList.forEach(ArrayList.java:1511)

[INFO] 
[INFO] Results:
[INFO] 
[ERROR] Failures: 
[ERROR]   QuarkusA2AJSONRPCTest>AbstractA2AServerTest.testNonStreamingMessagesWithActiveStreamingResubscription:625 COM01003: Internal error: Assertion failure: Expected boolean value to be true
[INFO] 
[ERROR] Tests run: 34, Failures: 1, Errors: 0, Skipped: 0
[INFO] 
[INFO] ------------------------------------------------------------------------
[INFO] Reactor Summary for Java SDK A2A Parent 0.3.0.Beta2-SNAPSHOT:
[INFO] 
[INFO] Java SDK A2A Parent ................................ SUCCESS [  0.071 s]
[INFO] Java SDK A2A Common ................................ SUCCESS [  0.495 s]
[INFO] Java SDK A2A Spec .................................. SUCCESS [  1.154 s]
[INFO] Java SDK A2A HTTP Client ........................... SUCCESS [  0.726 s]
[INFO] Java SDK A2A Client Transport: SPI ................. SUCCESS [  0.410 s]
[INFO] Java SDK A2A Client Transport: JSONRPC ............. SUCCESS [  3.602 s]
[INFO] Java SDK A2A Spec: gRPC ............................ SUCCESS [  1.853 s]
[INFO] Java SDK A2A Client Transport: gRPC ................ SUCCESS [  0.097 s]
[INFO] Java SDK A2A Client Transport: JSON+HTTP/REST ...... SUCCESS [  2.835 s]
[INFO] Java SDK A2A Client ................................ SUCCESS [  0.968 s]
[INFO] Java SDK A2A Examples .............................. SUCCESS [  0.030 s]
[INFO] Java SDK A2A Examples .............................. SUCCESS [  0.950 s]
[INFO] Java SDK A2A Core .................................. SUCCESS [  8.813 s]
[INFO] Java A2A SDK Server Tests Common ................... SUCCESS [  0.167 s]
[INFO] Java A2A Reference Server: Common .................. SUCCESS [  0.172 s]
[INFO] Java SDK A2A Transport: JSONRPC .................... SUCCESS [  1.296 s]
[INFO] Java A2A Reference Server: JSONRPC ................. FAILURE [ 36.636 s]
[INFO] Java SDK A2A Examples .............................. SKIPPED
[INFO] Java A2A Extras: JPA Database TaskStore ............ SKIPPED
[INFO] Java A2A Extras: JPA Database PushNotificationConfigStore SKIPPED
[INFO] Java A2A Extras: Replicated Queue Manager Parent ... SKIPPED
[INFO] Java A2A Extras: Replicated Queue Manager Core ..... SKIPPED
[INFO] Java A2A Extras: Replicated Queue Manager MicroProfile Reactive Messaging SKIPPED
[INFO] Java A2A Extras: Replicated Queue Manager Tests .... SKIPPED
[INFO] Java SDK A2A Transport: gRPC ....................... SKIPPED
[INFO] Java A2A Reference Server: gRPC .................... SKIPPED
[INFO] Java SDK A2A Transport: JSON+HTTP/REST ............. SKIPPED
[INFO] Java A2A Reference Server: JSON+HTTP/REST .......... SKIPPED
[INFO] Java SDK A2A TCK Server ............................ SKIPPED
[INFO] ------------------------------------------------------------------------
[INFO] BUILD FAILURE
[INFO] ------------------------------------------------------------------------
[INFO] Total time:  01:00 min
[INFO] Finished at: 2025-10-02T15:31:40+01:00
[INFO] ------------------------------------------------------------------------
[ERROR] Failed to execute goal org.apache.maven.plugins:maven-surefire-plugin:3.1.2:test (default-test) on project a2a-java-sdk-reference-jsonrpc: There are test failures.
[ERROR] 
[ERROR] Please refer to /Users/kabir/sourcecontrol/AI/a2aproject/a2a-java/reference/jsonrpc/target/surefire-reports for the individual test results.
[ERROR] Please refer to dump files (if any exist) [date].dump, [date]-jvmRun[N].dump and [date].dumpstream.
[ERROR] -> [Help 1]
[ERROR] 
[ERROR] To see the full stack trace of the errors, re-run Maven with the -e switch.
[ERROR] Re-run Maven using the -X switch to enable full debug logging.
[ERROR] 
[ERROR] For more information about the errors and possible solutions, please read the following articles:
[ERROR] [Help 1] http://cwiki.apache.org/confluence/display/MAVEN/MojoFailureException
[ERROR] 
[ERROR] After correcting the problems, you can resume the build with the command
[ERROR]   mvn <args> -rf :a2a-java-sdk-reference-jsonrpc
